proguard/mapping.txt
com.voice.communicate.ConcurrencyUtils -> com.voice.communicate.a:
    java.util.concurrent.ExecutorService THREAD_POOL -> a
    int THREADS_BEGIN_N_1D_FFT_2THREADS -> b
    int THREADS_BEGIN_N_1D_FFT_4THREADS -> c
    int THREADS_BEGIN_N_2D -> d
    int THREADS_BEGIN_N_3D -> e
    int NTHREADS -> f
    int getNumberOfThreads() -> a
    int getThreadsBeginN_1D_FFT_2Threads() -> b
    int getThreadsBeginN_1D_FFT_4Threads() -> c
    int nextPow2(int) -> a
    boolean isPowerOf2(int) -> b
    java.util.concurrent.Future submit(java.lang.Runnable) -> a
    void waitForCompletion(java.util.concurrent.Future[]) -> a
com.voice.communicate.ConcurrencyUtils$CustomExceptionHandler -> com.voice.communicate.b:
    void uncaughtException(java.lang.Thread,java.lang.Throwable) -> uncaughtException
com.voice.communicate.ConcurrencyUtils$CustomThreadFactory -> com.voice.communicate.c:
    java.util.concurrent.ThreadFactory defaultFactory -> a
    java.lang.Thread$UncaughtExceptionHandler handler -> b
    java.lang.Thread newThread(java.lang.Runnable) -> newThread
com.voice.communicate.DoubleFFT_1D -> com.voice.communicate.d:
    int n -> a
    int nBluestein -> b
    int[] ip -> c
    double[] w -> d
    int nw -> e
    int nc -> f
    double[] wtable -> g
    double[] wtable_r -> h
    double[] bk1 -> i
    double[] bk2 -> j
    com.voice.communicate.DoubleFFT_1D$Plans plan -> k
    int[] factors -> l
    int[] $SWITCH_TABLE$com$voice$communicate$DoubleFFT_1D$Plans -> m
    void realForwardFull(double[]) -> a
    int getReminder(int,int[]) -> a
    void cffti() -> a
    void rffti() -> b
    void bluesteini() -> c
    void makewt(int) -> a
    void makect(int,double[],int) -> a
    void rfftf$49643445(double[]) -> b
    void radf2$52dddd0e(int,int,double[],double[],int) -> a
    void radf3$52dddd0e(int,int,double[],double[],int) -> b
    void radf4$52dddd0e(int,int,double[],double[],int) -> c
    void radf5$52dddd0e(int,int,double[],double[],int) -> d
    void radfg$61377612(int,int,int,int,double[],double[],int) -> a
    void cftfsub$30f0c6ae(int,double[],int[],int,double[]) -> a
    void cftbsub$30f0c6ae(int,double[],int[],int,double[]) -> b
    void cftrec4_th$120f1fe0(int,double[],int,double[]) -> a
    void cftrec4$120f1fe0(int,double[],int,double[]) -> b
    int cfttree(int,int,int,double[],int,int,double[]) -> b
    void cftleaf(int,int,double[],int,int,double[]) -> b
    void cftmdl1(int,double[],int,double[],int) -> c
    void cftmdl2(int,double[],int,double[],int) -> d
com.voice.communicate.DoubleFFT_1D$1 -> com.voice.communicate.e:
    com.voice.communicate.DoubleFFT_1D this$0 -> a
    int val$firstIdx -> b
    int val$lastIdx -> c
    int val$offa -> d
    int val$twon -> e
    double[] val$a -> f
    void run() -> run
com.voice.communicate.DoubleFFT_1D$10 -> com.voice.communicate.f:
    com.voice.communicate.DoubleFFT_1D this$0 -> a
    int val$firstIdx -> b
    int val$lastIdx -> c
    double[] val$ak -> d
    void run() -> run
com.voice.communicate.DoubleFFT_1D$15 -> com.voice.communicate.g:
    com.voice.communicate.DoubleFFT_1D this$0 -> a
    int val$firstIdx -> b
    int val$mf -> c
    int val$n -> d
    double[] val$a -> e
    double[] val$w -> f
    int val$nw -> g
    void run() -> run
com.voice.communicate.DoubleFFT_1D$16 -> com.voice.communicate.h:
    com.voice.communicate.DoubleFFT_1D this$0 -> a
    int val$firstIdx -> b
    int val$mf -> c
    int val$n -> d
    double[] val$a -> e
    double[] val$w -> f
    int val$nw -> g
    void run() -> run
com.voice.communicate.DoubleFFT_1D$6 -> com.voice.communicate.i:
    com.voice.communicate.DoubleFFT_1D this$0 -> a
    int val$isign -> b
    int val$firstIdx -> c
    int val$lastIdx -> d
    int val$offa -> e
    double[] val$ak -> f
    double[] val$a -> g
    void run() -> run
...
android.support.v4.app.FragmentContainer -> android.support.v4.app.k:
    android.view.View findViewById(int) -> a
android.support.v4.app.FragmentManager -> android.support.v4.app.l:
    android.support.v4.app.FragmentTransaction beginTransaction() -> a
    boolean executePendingTransactions() -> b
    android.support.v4.app.Fragment findFragmentByTag(java.lang.String) -> a
android.support.v4.app.FragmentManagerImpl -> android.support.v4.app.m:
    boolean DEBUG -> a
    boolean HONEYCOMB -> b
    java.util.ArrayList mPendingActions -> c
    java.lang.Runnable[] mTmpActions -> d
    boolean mExecutingActions -> e
    java.util.ArrayList mActive -> f
    java.util.ArrayList mAdded -> g
    java.util.ArrayList mAvailIndices -> h
    java.util.ArrayList mBackStack -> i
    java.util.ArrayList mCreatedMenus -> j
    java.util.ArrayList mBackStackIndices -> k
    java.util.ArrayList mAvailBackStackIndices -> l
    java.util.ArrayList mBackStackChangeListeners -> m
    int mCurState -> n
    android.support.v4.app.FragmentActivity mActivity -> o
    android.support.v4.app.FragmentContainer mContainer -> p
    android.support.v4.app.Fragment mParent -> q
    boolean mNeedMenuInvalidate -> r
    boolean mStateSaved -> s
    boolean mDestroyed -> t
    java.lang.String mNoTransactionsBecause -> u
    boolean mHavePendingDeferredStart -> v
    android.os.Bundle mStateBundle -> w
    android.util.SparseArray mStateArray -> x
    java.lang.Runnable mExecCommit -> y
    android.view.animation.Interpolator DECELERATE_QUINT -> z
    android.view.animation.Interpolator DECELERATE_CUBIC -> A
    android.view.animation.Interpolator ACCELERATE_QUINT -> B
    android.view.animation.Interpolator ACCELERATE_CUBIC -> C
    void throwException(java.lang.RuntimeException) -> a
    android.support.v4.app.FragmentTransaction beginTransaction() -> a
android.support.v4.app.FragmentManagerImpl$1 -> android.support.v4.app.n:
    android.support.v4.app.FragmentManagerImpl this$0 -> a
    void run() -> run
android.support.v4.app.FragmentManagerImpl$5 -> android.support.v4.app.o:
    android.support.v4.app.Fragment val$fragment -> a
    android.support.v4.app.FragmentManagerImpl this$0 -> b
    void onAnimationEnd(android.view.animation.Animation) -> onAnimationEnd
    void onAnimationRepeat(android.view.animation.Animation) -> onAnimationRepeat
    void onAnimationStart(android.view.animation.Animation) -> onAnimationStart
android.support.v4.app.FragmentManagerState -> android.support.v4.app.FragmentManagerState:
    android.support.v4.app.FragmentState[] mActive -> a
    int[] mAdded -> b
    android.support.v4.app.BackStackState[] mBackStack -> c
    android.os.Parcelable$Creator CREATOR -> CREATOR
    int describeContents() -> describeContents
    void writeToParcel(android.os.Parcel,int) -> writeToParcel
android.support.v4.app.FragmentManagerState$1 -> android.support.v4.app.p:
    java.lang.Object[] newArray(int) -> newArray
    java.lang.Object createFromParcel(android.os.Parcel) -> createFromParcel
android.support.v4.app.FragmentState -> android.support.v4.app.FragmentState:
    java.lang.String mClassName -> a
    int mIndex -> b
    boolean mFromLayout -> c
    int mFragmentId -> d
    int mContainerId -> e
    java.lang.String mTag -> f
    boolean mRetainInstance -> g
    boolean mDetached -> h
    android.os.Bundle mArguments -> i
    android.os.Bundle mSavedFragmentState -> j
    android.support.v4.app.Fragment mInstance -> k
    android.os.Parcelable$Creator CREATOR -> CREATOR
    android.support.v4.app.Fragment instantiate(android.support.v4.app.FragmentActivity,android.support.v4.app.Fragment) -> a
    int describeContents() -> describeContents
    void writeToParcel(android.os.Parcel,int) -> writeToParcel
android.support.v4.app.FragmentState$1 -> android.support.v4.app.q:
    java.lang.Object[] newArray(int) -> newArray
    java.lang.Object createFromParcel(android.os.Parcel) -> createFromParcel