proguard/usage.txt
com.voice.communicate.Base32
com.voice.communicate.BuildConfig
com.voice.communicate.Common
com.voice.communicate.Complex
com.voice.communicate.ConcurrencyUtils:
    30:32:private ConcurrencyUtils()
    82:83:public static void setNumberOfThreads(int)
    109:109:public static int getThreadsBeginN_2D()
    118:118:public static int getThreadsBeginN_3D()
    128:133:public static void setThreadsBeginN_1D_FFT_2Threads(int)
    142:147:public static void setThreadsBeginN_1D_FFT_4Threads(int)
    156:157:public static void setThreadsBeginN_2D(int)
    166:167:public static void setThreadsBeginN_3D(int)
    174:176:public static void resetThreadsBeginN_FFT()
    182:184:public static void resetThreadsBeginN()
    240:244:public static void sleep(long)
com.voice.communicate.DoubleFFT_1D:
    private static final double PI
    private static final double TWO_PI
    112:113:public void complexForward(double[])
    133:146:public void complexForward(double[],int)
    166:167:public void complexInverse(double[],boolean)
    189:205:public void complexInverse(double[],int,boolean)
    236:237:public void realForward(double[])
    430:431:public void realInverse(double[],boolean)
    466:502:public void realInverse(double[],int,boolean)
    518:519:public void realInverseFull(double[],boolean)
    537:606:public void realInverseFull(double[],int,boolean)
    609:661:protected void realInverse2(double[],int,boolean)
    686:766:void cffti(int,int)
    1057:1218:private void bluestein_complex(double[],int,int)
    1467:1585:private void bluestein_real_inverse(double[],int)
    1588:1677:private void bluestein_real_inverse2(double[],int)
    1753:1817:void rfftb(double[],int)
    1895:1954:void radb2(int,int,double[],int,double[],int,int)
    2046:2125:void radb3(int,int,double[],int,double[],int,int)
    2267:2404:void radb4(int,int,double[],int,double[],int,int)
    2553:2689:void radb5(int,int,double[],int,double[],int,int)
    2988:3273:void radbg(int,int,int,int,double[],int,double[],int,int)
    3282:3351:void cfftf(double[],int,int)
    3361:3407:void passf2(int,int,double[],int,double[],int,int,int)
    3414:3498:void passf3(int,int,double[],int,double[],int,int,int)
com.voice.communicate.DoubleFFT_1D$11
com.voice.communicate.DoubleFFT_1D$12
com.voice.communicate.DoubleFFT_1D$13
com.voice.communicate.DoubleFFT_1D$14
com.voice.communicate.DoubleFFT_1D$17
com.voice.communicate.DoubleFFT_1D$2
com.voice.communicate.DoubleFFT_1D$3
com.voice.communicate.DoubleFFT_1D$4
com.voice.communicate.DoubleFFT_1D$5
com.voice.communicate.FFT
com.voice.communicate.R
com.voice.communicate.R$attr
com.voice.communicate.R$dimen
com.voice.communicate.R$drawable
com.voice.communicate.R$id
com.voice.communicate.R$layout
com.voice.communicate.R$menu
com.voice.communicate.R$string
com.voice.communicate.R$style
com.voice.communicate.RSCode:
    private static final int MM
    private static final int NN
    private static final int TT
    private static final int KK
com.voice.communicate.RingBuffer
com.voice.communicate.SinWave:
    public static final int HEIGHT
    public static final double TWOPI
    3:3:public SinWave()
    26:35:public static byte[] sin(int,int,int)
com.voice.communicate.VoiceEncoder:
    private static final java.lang.String BASECODER
    private static final java.lang.String base32Chars
    15:15:public static java.lang.String getBasecoder()
    36:41:public VoiceEncoder(int,int,int)
    97:97:public int getFreqError()
    102:102:public int getFreqMax()
    112:112:public int getFreqRange()
    117:118:public void setFreqError(int)
    122:123:public void setFreqMax(int)
    127:128:public void setFreqMin(int)
    132:133:public void setFreqRange(int)
    142:143:public void setStartChar(char)
    152:153:public void setEndChar(char)
    157:184:public java.lang.String encodeBase32(byte[])
    189:209:public byte[] decodeBase32(java.lang.String)
...
android.support.v4.util.AtomicFile
android.support.v4.util.DebugUtils:
    25:25:public DebugUtils()
android.support.v4.util.LongSparseArray
android.support.v4.util.LruCache
android.support.v4.util.SparseArrayCompat:
    52:52:public java.lang.Object get(int)
    60:65:public java.lang.Object get(int,java.lang.Object)
    73:81:public void delete(int)
    87:88:public void remove(int)
    94:98:public void removeAt(int)
    107:111:public void removeAtRange(int,int)
    146:190:public void put(int,java.lang.Object)
    236:241:public void setValueAt(int,java.lang.Object)
    249:253:public int indexOfKey(int)
    265:273:public int indexOfValue(java.lang.Object)
    296:323:public void append(int,java.lang.Object)
    326:342:private static int binarySearch(int[],int,int,int)
android.support.v4.util.TimeUtils
android.support.v4.view.AccessibilityDelegateCompat
android.support.v4.view.AccessibilityDelegateCompat$AccessibilityDelegateIcsImpl
android.support.v4.view.AccessibilityDelegateCompat$AccessibilityDelegateIcsImpl$1
android.support.v4.view.AccessibilityDelegateCompat$AccessibilityDelegateImpl
android.support.v4.view.AccessibilityDelegateCompat$AccessibilityDelegateJellyBeanImpl
android.support.v4.view.AccessibilityDelegateCompat$AccessibilityDelegateJellyBeanImpl$1
android.support.v4.view.AccessibilityDelegateCompat$AccessibilityDelegateStubImpl
android.support.v4.view.AccessibilityDelegateCompatIcs
android.support.v4.view.AccessibilityDelegateCompatIcs$1
android.support.v4.view.AccessibilityDelegateCompatIcs$AccessibilityDelegateBridge
android.support.v4.view.AccessibilityDelegateCompatJellyBean
android.support.v4.view.AccessibilityDelegateCompatJellyBean$1
android.support.v4.view.AccessibilityDelegateCompatJellyBean$AccessibilityDelegateBridgeJellyBean
android.support.v4.view.GestureDetectorCompat
android.support.v4.view.GestureDetectorCompat$GestureDetectorCompatImpl
android.support.v4.view.GestureDetectorCompat$GestureDetectorCompatImplBase
android.support.v4.view.GestureDetectorCompat$GestureDetectorCompatImplBase$GestureHandler
android.support.v4.view.GestureDetectorCompat$GestureDetectorCompatImplJellybeanMr2
android.support.v4.view.GravityCompat:
    public static final int RELATIVE_LAYOUT_DIRECTION
    public static final int START
    public static final int END
    public static final int RELATIVE_HORIZONTAL_GRAVITY_MASK
    27:62:public GravityCompat()
    132:133:public static void apply(int,int,int,android.graphics.Rect,android.graphics.Rect,int)
    162:163:public static void apply(int,int,int,android.graphics.Rect,int,int,android.graphics.Rect,int)
    186:187:public static void applyDisplay(int,android.graphics.Rect,android.graphics.Rect,int)
android.support.v4.view.GravityCompat$GravityCompatImpl:
    public abstract void apply(int,int,int,android.graphics.Rect,android.graphics.Rect,int)
    public abstract void apply(int,int,int,android.graphics.Rect,int,int,android.graphics.Rect,int)
    public abstract void applyDisplay(int,android.graphics.Rect,android.graphics.Rect,int)
android.support.v4.view.GravityCompat$GravityCompatImplBase:
    46:47:public void apply(int,int,int,android.graphics.Rect,android.graphics.Rect,int)
    52:53:public void apply(int,int,int,android.graphics.Rect,int,int,android.graphics.Rect,int)
    58:59:public void applyDisplay(int,android.graphics.Rect,android.graphics.Rect,int)
android.support.v4.view.GravityCompat$GravityCompatImplJellybeanMr1:
    71:72:public void apply(int,int,int,android.graphics.Rect,android.graphics.Rect,int)
    77:79:public void apply(int,int,int,android.graphics.Rect,int,int,android.graphics.Rect,int)
    83:84:public void applyDisplay(int,android.graphics.Rect,android.graphics.Rect,int)